----------------------------------------------
2 ROUGE1 Average_R: 0.25779078711059816
2 ROUGE1 Average_P: 0.30756130616415633
2 ROUGE1 Average_F: 0.2789725003113177
..............................................
2 ROUGE1 Eval D1001-A.M.100.A  R:0.19697563874034463 P:0.23795180722891568 F:0.21552694831383357 
2 ROUGE1 Eval D1002-A.M.100.A  R:0.27551393544791947 P:0.3011363636363636 F:0.28756665502658424 
2 ROUGE1 Eval D1003-A.M.100.A  R:0.2023261134429873 P:0.3134920634920635 F:0.24569581797323828 
2 ROUGE1 Eval D1004-A.M.100.A  R:0.2729919637758016 P:0.3055555555555556 F:0.2883307453190909 
2 ROUGE1 Eval D1005-A.M.100.A  R:0.24592632388581365 P:0.2525 F:0.24908492040344804 
2 ROUGE1 Eval D1006-A.M.100.A  R:0.26172272601091884 P:0.38768115942028986 F:0.3124337483783185 
2 ROUGE1 Eval D1007-A.M.100.B  R:0.26627551020408163 P:0.30523255813953487 F:0.2844064829513637 
2 ROUGE1 Eval D1008-A.M.100.B  R:0.2931430973286008 P:0.32526881720430106 F:0.3083174673645993 
2 ROUGE1 Eval D1009-A.M.100.B  R:0.2971371477918583 P:0.3159340659340659 F:0.3059003558105775 
2 ROUGE1 Eval D1010-A.M.100.B  R:0.2417709973762353 P:0.26666666666666666 F:0.25348692384998284 
2 ROUGE1 Eval D1011-A.M.100.C  R:0.20435841267986837 P:0.2928571428571428 F:0.2406308294988186 
2 ROUGE1 Eval D1012-A.M.100.C  R:0.25987529447923213 P:0.32499999999999996 F:0.28877066041990807 
2 ROUGE1 Eval D1013-A.M.100.C  R:0.20187614090863684 P:0.23823529411764705 F:0.21851348617596927 
2 ROUGE1 Eval D1014-A.M.100.C  R:0.276622902086127 P:0.33536585365853655 F:0.30316456732089375 
2 ROUGE1 Eval D1015-A.M.100.C  R:0.20269071024749533 P:0.21703296703296704 F:0.20947587135473872 
2 ROUGE1 Eval D1016-A.M.100.C  R:0.3078513433104316 P:0.3404255319148936 F:0.32326046183896257 
2 ROUGE1 Eval D1017-A.M.100.D  R:0.29180964971497153 P:0.3118279569892473 F:0.30145434462444776 
2 ROUGE1 Eval D1018-A.M.100.D  R:0.277584870350472 P:0.31043956043956045 F:0.2930194805194805 
2 ROUGE1 Eval D1019-A.M.100.D  R:0.3066461729759602 P:0.30000000000000004 F:0.30324696087958275 
2 ROUGE1 Eval D1020-A.M.100.D  R:0.2051138345781203 P:0.24404761904761904 F:0.22286301362862226 
2 ROUGE1 Eval D1021-A.M.100.D  R:0.24996570600822202 P:0.27393617021276595 F:0.2613869220832609 
2 ROUGE1 Eval D1022-A.M.100.D  R:0.3811602404687511 P:0.4318181818181818 F:0.40469541221503275 
2 ROUGE1 Eval D1023-A.M.100.E  R:0.09300505050505051 P:0.10755813953488372 F:0.09975297878523685 
2 ROUGE1 Eval D1024-A.M.100.E  R:0.3355401739550902 P:0.33095238095238094 F:0.3331172918715848 
2 ROUGE1 Eval D1025-A.M.100.E  R:0.23407558072734044 P:0.3051948051948052 F:0.26493256456199404 
2 ROUGE1 Eval D1026-A.M.100.E  R:0.1583572813488744 P:0.19444444444444442 F:0.1745055209023501 
2 ROUGE1 Eval D1027-A.M.100.E  R:0.3696002766304431 P:0.3813131313131313 F:0.37530833051297924 
2 ROUGE1 Eval D1028-A.M.100.E  R:0.33328574148105844 P:0.41768292682926833 F:0.37074030552291426 
2 ROUGE1 Eval D1029-A.M.100.F  R:0.30875986369453756 P:0.369047619047619 F:0.336167695311955 
2 ROUGE1 Eval D1030-A.M.100.F  R:0.20358328085632021 P:0.24127906976744187 F:0.22079946159196567 
2 ROUGE1 Eval D1031-A.M.100.F  R:0.19966962300384072 P:0.20153061224489796 F:0.20055841924398626 
2 ROUGE1 Eval D1032-A.M.100.F  R:0.23130601194921582 P:0.36923076923076925 F:0.2844287123133277 
2 ROUGE1 Eval D1033-A.M.100.F  R:0.3487693873009407 P:0.4205882352941176 F:0.3812873515116809 
2 ROUGE1 Eval D1034-A.M.100.F  R:0.19664018110134793 P:0.2638888888888889 F:0.2252262075537834 
2 ROUGE1 Eval D1035-A.M.100.G  R:0.27673464386937136 P:0.3159340659340659 F:0.29496678468098064 
2 ROUGE1 Eval D1036-A.M.100.G  R:0.1489446688723941 P:0.20205479452054792 F:0.17143627776196801 
2 ROUGE1 Eval D1037-A.M.100.G  R:0.24618745332337566 P:0.2869318181818182 F:0.2649896958894954 
2 ROUGE1 Eval D1038-A.M.100.G  R:0.26112277519987803 P:0.2622549019607843 F:0.2616241758633875 
2 ROUGE1 Eval D1039-A.M.100.G  R:0.2841535345273358 P:0.3382352941176471 F:0.3088210474621569 
2 ROUGE1 Eval D1040-A.M.100.G  R:0.2541598718695399 P:0.2601010101010101 F:0.2570921773044326 
2 ROUGE1 Eval D1041-A.M.100.H  R:0.27754648089243317 P:0.4216417910447761 F:0.3347297448821122 
2 ROUGE1 Eval D1042-A.M.100.H  R:0.2403100857258095 P:0.32986111111111116 F:0.27799491095944634 
2 ROUGE1 Eval D1043-A.M.100.H  R:0.36375701390812987 P:0.3814432989690722 F:0.37238414293690675 
2 ROUGE1 Eval D1044-A.M.100.H  R:0.21949119911991197 P:0.4313725490196078 F:0.29093964215173695 
2 ROUGE1 Eval D1045-A.M.100.H  R:0.30053389405188374 P:0.3315217391304348 F:0.31525092276967914 
2 ROUGE1 Eval D1046-A.M.100.H  R:0.2535034013605442 P:0.35135135135135137 F:0.2944485760237979 
----------------------------------------------
2 ROUGE2 Average_R: 0.04858035555700847
2 ROUGE2 Average_P: 0.05892603665253356
2 ROUGE2 Average_F: 0.05287761195902273
..............................................
2 ROUGE2 Eval D1001-A.M.100.A  R:0.015027268032925742 P:0.01829268292682927 F:0.016499360967706225 
2 ROUGE2 Eval D1002-A.M.100.A  R:0.06356716535055568 P:0.06896551724137931 F:0.06610013569128535 
2 ROUGE2 Eval D1003-A.M.100.A  R:0.04418041222726924 P:0.06854838709677419 F:0.05367625179575033 
2 ROUGE2 Eval D1004-A.M.100.A  R:0.05527437219161576 P:0.06179775280898876 F:0.058348198713696994 
2 ROUGE2 Eval D1005-A.M.100.A  R:0.039589276035819375 P:0.04040404040404041 F:0.03997760048049833 
2 ROUGE2 Eval D1006-A.M.100.A  R:0.03450971983990852 P:0.051470588235294115 F:0.04130962213504026 
2 ROUGE2 Eval D1007-A.M.100.B  R:0.04114174846676203 P:0.047058823529411764 F:0.04389897542071455 
2 ROUGE2 Eval D1008-A.M.100.B  R:0.053986291486291485 P:0.059782608695652176 F:0.05672615132307474 
2 ROUGE2 Eval D1009-A.M.100.B  R:0.05999486576564633 P:0.06388888888888888 F:0.06181087303641726 
2 ROUGE2 Eval D1010-A.M.100.B  R:0.033234164903419565 P:0.03651685393258427 F:0.03477964279313416 
2 ROUGE2 Eval D1011-A.M.100.C  R:0.01480293166094725 P:0.021739130434782608 F:0.01760554126452781 
2 ROUGE2 Eval D1012-A.M.100.C  R:0.050719700008716354 P:0.06329113924050633 F:0.05630261587420498 
2 ROUGE2 Eval D1013-A.M.100.C  R:0.009975247524752475 P:0.011904761904761904 F:0.010854876615746181 
2 ROUGE2 Eval D1014-A.M.100.C  R:0.04584631290816858 P:0.05555555555555555 F:0.05023450674465184 
2 ROUGE2 Eval D1015-A.M.100.C  R:0.007759483813549894 P:0.008333333333333333 F:0.008028898183626312 
2 ROUGE2 Eval D1016-A.M.100.C  R:0.07039332972015493 P:0.07795698924731183 F:0.073968752478581 
2 ROUGE2 Eval D1017-A.M.100.D  R:0.05044575725026853 P:0.05434782608695653 F:0.05231963598836663 
2 ROUGE2 Eval D1018-A.M.100.D  R:0.04268089865784867 P:0.04722222222222222 F:0.044829032091305426 
2 ROUGE2 Eval D1019-A.M.100.D  R:0.0642752374604244 P:0.06313131313131312 F:0.06369117597815929 
2 ROUGE2 Eval D1020-A.M.100.D  R:0.025288831376810556 P:0.030120481927710847 F:0.027491138438384917 
2 ROUGE2 Eval D1021-A.M.100.D  R:0.02196833938434919 P:0.024193548387096774 F:0.02302594116034728 
2 ROUGE2 Eval D1022-A.M.100.D  R:0.10522060886558 P:0.11781609195402298 F:0.11109389907957007 
2 ROUGE2 Eval D1023-A.M.100.E  R:0.005050505050505051 P:0.0058823529411764705 F:0.005434782608695652 
2 ROUGE2 Eval D1024-A.M.100.E  R:0.08823788411502848 P:0.08653846153846154 F:0.08734963085698828 
2 ROUGE2 Eval D1025-A.M.100.E  R:0.027656139325272732 P:0.03618421052631579 F:0.031349078936151534 
2 ROUGE2 Eval D1026-A.M.100.E  R:0.0025 P:0.003125 F:0.002777777777777778 
2 ROUGE2 Eval D1027-A.M.100.E  R:0.09654963977383565 P:0.09948979591836735 F:0.09798124760811328 
2 ROUGE2 Eval D1028-A.M.100.E  R:0.09075907590759075 P:0.11419753086419752 F:0.10113793310514621 
2 ROUGE2 Eval D1029-A.M.100.F  R:0.06567737447288419 P:0.0783132530120482 F:0.0714284280419369 
2 ROUGE2 Eval D1030-A.M.100.F  R:0.004854826546003017 P:0.0058823529411764705 F:0.005319299436946496 
2 ROUGE2 Eval D1031-A.M.100.F  R:0.03316288865728678 P:0.03350515463917526 F:0.03332670945203329 
2 ROUGE2 Eval D1032-A.M.100.F  R:0.07300590138968208 P:0.1171875 F:0.08996464901522255 
2 ROUGE2 Eval D1033-A.M.100.F  R:0.1277661550056916 P:0.15476190476190477 F:0.13996045068151328 
2 ROUGE2 Eval D1034-A.M.100.F  R:0.005077319587628866 P:0.007042253521126761 F:0.00590016708437761 
2 ROUGE2 Eval D1035-A.M.100.G  R:0.07286457414918003 P:0.08333333333333333 F:0.07772890347696652 
2 ROUGE2 Eval D1036-A.M.100.G  R:0.0 P:0.0 F:0.0 
2 ROUGE2 Eval D1037-A.M.100.G  R:0.029441329341386453 P:0.034482758620689655 F:0.031761752050376846 
2 ROUGE2 Eval D1038-A.M.100.G  R:0.036785151536675886 P:0.03712871287128713 F:0.03694496566378354 
2 ROUGE2 Eval D1039-A.M.100.G  R:0.07957155751960884 P:0.09523809523809523 F:0.08669760164882323 
2 ROUGE2 Eval D1040-A.M.100.G  R:0.025001000100010003 P:0.02551020408163265 F:0.025252782911635553 
2 ROUGE2 Eval D1041-A.M.100.H  R:0.12141182564858427 P:0.1856060606060606 F:0.14679010126891012 
2 ROUGE2 Eval D1042-A.M.100.H  R:0.03835196065704194 P:0.0528169014084507 F:0.044427186123495596 
2 ROUGE2 Eval D1043-A.M.100.H  R:0.08428751698699281 P:0.08854166666666667 F:0.08636060177031896 
2 ROUGE2 Eval D1044-A.M.100.H  R:0.06811018346732632 P:0.135 F:0.09053933127758632 
2 ROUGE2 Eval D1045-A.M.100.H  R:0.045012064231633245 P:0.04945054945054945 F:0.04712387257724046 
2 ROUGE2 Eval D1046-A.M.100.H  R:0.06367951922075633 P:0.08904109589041095 F:0.07424007048621578 
