----------------------------------------------
1 ROUGE1 Average_R: 0.2554689339284524
1 ROUGE1 Average_P: 0.3016160165882879
1 ROUGE1 Average_F: 0.27512726191516906
..............................................
1 ROUGE1 Eval D1001-A.M.100.A  R:0.21445187165775403 P:0.25 F:0.23085879290409145 
1 ROUGE1 Eval D1002-A.M.100.A  R:0.26875067181975304 P:0.3102409638554217 F:0.2878169541763272 
1 ROUGE1 Eval D1003-A.M.100.A  R:0.30722963067097786 P:0.3 F:0.30326680780457327 
1 ROUGE1 Eval D1004-A.M.100.A  R:0.2206365264552423 P:0.22704081632653061 F:0.2237751563764357 
1 ROUGE1 Eval D1005-A.M.100.A  R:0.2216893663051204 P:0.22979797979797978 F:0.22559486546143723 
1 ROUGE1 Eval D1006-A.M.100.A  R:0.14477005644489685 P:0.2543103448275862 F:0.1844808244856012 
1 ROUGE1 Eval D1007-A.M.100.B  R:0.32736607142857144 P:0.34308510638297873 F:0.33501650388858745 
1 ROUGE1 Eval D1008-A.M.100.B  R:0.2378222492060527 P:0.25257731958762886 F:0.24493408744240183 
1 ROUGE1 Eval D1009-A.M.100.B  R:0.297511196352901 P:0.279126213592233 F:0.28769325666612977 
1 ROUGE1 Eval D1010-A.M.100.B  R:0.19444393748130576 P:0.27499999999999997 F:0.2277082919178247 
1 ROUGE1 Eval D1011-A.M.100.C  R:0.19165858597659519 P:0.2566666666666667 F:0.2193646002272058 
1 ROUGE1 Eval D1012-A.M.100.C  R:0.26400884979488076 P:0.3192771084337349 F:0.28898261962778093 
1 ROUGE1 Eval D1013-A.M.100.C  R:0.1916121893100218 P:0.28308823529411764 F:0.2284979379278835 
1 ROUGE1 Eval D1014-A.M.100.C  R:0.25184722043632934 P:0.29069767441860467 F:0.2698723587460078 
1 ROUGE1 Eval D1015-A.M.100.C  R:0.234942170687657 P:0.23958333333333334 F:0.23710153263943995 
1 ROUGE1 Eval D1016-A.M.100.C  R:0.20717756662828693 P:0.22872340425531915 F:0.2173799938863588 
1 ROUGE1 Eval D1017-A.M.100.D  R:0.3072268164316432 P:0.3315217391304348 F:0.318876290647198 
1 ROUGE1 Eval D1018-A.M.100.D  R:0.2595761817265076 P:0.35333333333333333 F:0.2992134310775929 
1 ROUGE1 Eval D1019-A.M.100.D  R:0.3246506642631263 P:0.3377659574468085 F:0.3310331888971728 
1 ROUGE1 Eval D1020-A.M.100.D  R:0.19527397205968636 P:0.2671232876712329 F:0.2255890596943021 
1 ROUGE1 Eval D1021-A.M.100.D  R:0.2984979178266889 P:0.3236842105263158 F:0.3105625779888774 
1 ROUGE1 Eval D1022-A.M.100.D  R:0.3737823494472431 P:0.4807692307692307 F:0.42037626056361876 
1 ROUGE1 Eval D1023-A.M.100.E  R:0.0880050505050505 P:0.11075949367088608 F:0.09807921662168098 
1 ROUGE1 Eval D1024-A.M.100.E  R:0.26641597181525006 P:0.2806122448979592 F:0.2732364237614434 
1 ROUGE1 Eval D1025-A.M.100.E  R:0.23407558072734044 P:0.3051948051948052 F:0.26493256456199404 
1 ROUGE1 Eval D1026-A.M.100.E  R:0.14582002736526495 P:0.15425531914893617 F:0.14987555527843438 
1 ROUGE1 Eval D1027-A.M.100.E  R:0.44735257807379863 P:0.46683673469387754 F:0.456819634902875 
1 ROUGE1 Eval D1028-A.M.100.E  R:0.27984009137635635 P:0.30913978494623656 F:0.29375981161695447 
1 ROUGE1 Eval D1029-A.M.100.F  R:0.34630563908888906 P:0.34750000000000003 F:0.346845468091017 
1 ROUGE1 Eval D1030-A.M.100.F  R:0.15212643069339626 P:0.15979381443298968 F:0.15584183418341835 
1 ROUGE1 Eval D1031-A.M.100.F  R:0.18936034465332524 P:0.24038461538461536 F:0.21180350301039957 
1 ROUGE1 Eval D1032-A.M.100.F  R:0.296303211351755 P:0.39935064935064934 F:0.34019337016574586 
1 ROUGE1 Eval D1033-A.M.100.F  R:0.37098769623041467 P:0.41304347826086957 F:0.39084495658916 
1 ROUGE1 Eval D1034-A.M.100.F  R:0.23560697046544826 P:0.2993421052631579 F:0.26352508975536443 
1 ROUGE1 Eval D1035-A.M.100.G  R:0.31619980533878933 P:0.3341836734693877 F:0.3248668157267512 
1 ROUGE1 Eval D1036-A.M.100.G  R:0.2398274451975861 P:0.28273809523809523 F:0.25945006812444604 
1 ROUGE1 Eval D1037-A.M.100.G  R:0.23893203883495145 P:0.25257731958762886 F:0.24555225143318937 
1 ROUGE1 Eval D1038-A.M.100.G  R:0.26290269699148205 P:0.34177215189873417 F:0.297125256909803 
1 ROUGE1 Eval D1039-A.M.100.G  R:0.2697657694241784 P:0.35855263157894735 F:0.30786169493384213 
1 ROUGE1 Eval D1040-A.M.100.G  R:0.18756940399922345 P:0.24050632911392406 F:0.21076122033944805 
1 ROUGE1 Eval D1041-A.M.100.H  R:0.1940058129116079 P:0.2668918918918919 F:0.22467412753203145 
1 ROUGE1 Eval D1042-A.M.100.H  R:0.2713426328398224 P:0.3074712643678161 F:0.2882216186970007 
1 ROUGE1 Eval D1043-A.M.100.H  R:0.38346192557576714 P:0.4382022471910112 F:0.40900213557453846 
1 ROUGE1 Eval D1044-A.M.100.H  R:0.24176892689268925 P:0.4575471698113208 F:0.31636326779515633 
1 ROUGE1 Eval D1045-A.M.100.H  R:0.3051654465846356 P:0.3229166666666667 F:0.3137741934224346 
1 ROUGE1 Eval D1046-A.M.100.H  R:0.2535034013605442 P:0.35135135135135137 F:0.2944485760237979 
----------------------------------------------
1 ROUGE2 Average_R: 0.04509419742772399
1 ROUGE2 Average_P: 0.052165625259031845
1 ROUGE2 Average_F: 0.048129012235384135
..............................................
1 ROUGE2 Eval D1001-A.M.100.A  R:0.017678298442089107 P:0.020588235294117647 F:0.019022218134718997 
1 ROUGE2 Eval D1002-A.M.100.A  R:0.043195379460626473 P:0.04878048780487805 F:0.04578505452465461 
1 ROUGE2 Eval D1003-A.M.100.A  R:0.10665002546766306 P:0.10353535353535354 F:0.10495568547076085 
1 ROUGE2 Eval D1004-A.M.100.A  R:0.040167267181539255 P:0.041237113402061855 F:0.040690920519925636 
1 ROUGE2 Eval D1005-A.M.100.A  R:0.044306257167894846 P:0.04591836734693878 F:0.04508041748951546 
1 ROUGE2 Eval D1006-A.M.100.A  R:0.0 P:0.0 F:0.0 
1 ROUGE2 Eval D1007-A.M.100.B  R:0.08423381947527363 P:0.08870967741935484 F:0.08640759145203433 
1 ROUGE2 Eval D1008-A.M.100.B  R:0.02683621933621934 P:0.02864583333333333 F:0.027706639487023284 
1 ROUGE2 Eval D1009-A.M.100.B  R:0.057519618240893855 P:0.05392156862745098 F:0.05559883650442457 
1 ROUGE2 Eval D1010-A.M.100.B  R:0.033234164903419565 P:0.04710144927536232 F:0.0389506560527752 
1 ROUGE2 Eval D1011-A.M.100.C  R:0.007287157287157288 P:0.010135135135135136 F:0.008476765589175574 
1 ROUGE2 Eval D1012-A.M.100.C  R:0.06284568282758649 P:0.07621951219512195 F:0.06887743002999636 
1 ROUGE2 Eval D1013-A.M.100.C  R:0.007606826472120897 P:0.011194029850746268 F:0.009056622205324799 
1 ROUGE2 Eval D1014-A.M.100.C  R:0.0383473755012783 P:0.044117647058823525 F:0.04102961990524357 
1 ROUGE2 Eval D1015-A.M.100.C  R:0.028429997207471264 P:0.028947368421052628 F:0.028665807824160734 
1 ROUGE2 Eval D1016-A.M.100.C  R:0.024216744438128726 P:0.026881720430107527 F:0.02547570950140258 
1 ROUGE2 Eval D1017-A.M.100.D  R:0.052945757250268524 P:0.057692307692307696 F:0.05521263657558203 
1 ROUGE2 Eval D1018-A.M.100.D  R:0.03973011087337094 P:0.05405405405405406 F:0.045790481952006454 
1 ROUGE2 Eval D1019-A.M.100.D  R:0.08252531696638304 P:0.08602150537634409 F:0.08422395699072881 
1 ROUGE2 Eval D1020-A.M.100.D  R:0.02273781096864729 P:0.03125 F:0.02631992441947193 
1 ROUGE2 Eval D1021-A.M.100.D  R:0.04400946657399123 P:0.047872340425531915 F:0.04585666948166294 
1 ROUGE2 Eval D1022-A.M.100.D  R:0.12530934402718663 P:0.16233766233766234 F:0.1413670809023425 
1 ROUGE2 Eval D1023-A.M.100.E  R:0.0 P:0.0 F:0.0 
1 ROUGE2 Eval D1024-A.M.100.E  R:0.02468906430496727 P:0.02577319587628866 F:0.02521080063527114 
1 ROUGE2 Eval D1025-A.M.100.E  R:0.027656139325272732 P:0.03618421052631579 F:0.031349078936151534 
1 ROUGE2 Eval D1026-A.M.100.E  R:0.0 P:0.0 F:0.0 
1 ROUGE2 Eval D1027-A.M.100.E  R:0.16045470335066264 P:0.1675257731958763 F:0.16388786717090606 
1 ROUGE2 Eval D1028-A.M.100.E  R:0.049116676373519706 P:0.05434782608695652 F:0.05159980770257999 
1 ROUGE2 Eval D1029-A.M.100.F  R:0.06838276576444052 P:0.06818181818181818 F:0.06827031562839314 
1 ROUGE2 Eval D1030-A.M.100.F  R:0.0 P:0.0 F:0.0 
1 ROUGE2 Eval D1031-A.M.100.F  R:0.010158828382838284 P:0.012987012987012988 F:0.011398324348899137 
1 ROUGE2 Eval D1032-A.M.100.F  R:0.08759280411193604 P:0.11842105263157894 F:0.10069989328981231 
1 ROUGE2 Eval D1033-A.M.100.F  R:0.1252913786873973 P:0.1401098901098901 F:0.13227343653068774 
1 ROUGE2 Eval D1034-A.M.100.F  R:0.018046568674330087 P:0.023333333333333334 F:0.020343040132781976 
1 ROUGE2 Eval D1035-A.M.100.G  R:0.06349673778874979 P:0.06701030927835051 F:0.06519138374761772 
1 ROUGE2 Eval D1036-A.M.100.G  R:0.007525252525252525 P:0.009036144578313254 F:0.008211733621569689 
1 ROUGE2 Eval D1037-A.M.100.G  R:0.032014173718913866 P:0.033854166666666664 F:0.03290676381128643 
1 ROUGE2 Eval D1038-A.M.100.G  R:0.039404865844820836 P:0.05128205128205128 F:0.04455337106515058 
1 ROUGE2 Eval D1039-A.M.100.G  R:0.039863583690085205 P:0.05333333333333333 F:0.045621381476229725 
1 ROUGE2 Eval D1040-A.M.100.G  R:0.00745049504950495 P:0.009615384615384616 F:0.008395580942815895 
1 ROUGE2 Eval D1041-A.M.100.H  R:0.012452937041276943 P:0.017123287671232876 F:0.014418599208076612 
1 ROUGE2 Eval D1042-A.M.100.H  R:0.03315915091634373 P:0.03779069767441861 F:0.03531795679302541 
1 ROUGE2 Eval D1043-A.M.100.H  R:0.09923801203649776 P:0.11363636363636365 F:0.10594838159227857 
1 ROUGE2 Eval D1044-A.M.100.H  R:0.04022881880024737 P:0.07692307692307693 F:0.05282851167654235 
1 ROUGE2 Eval D1045-A.M.100.H  R:0.0746179659982805 P:0.07894736842105263 F:0.07671753901844791 
1 ROUGE2 Eval D1046-A.M.100.H  R:0.06367951922075633 P:0.08904109589041095 F:0.07424007048621578 
