----------------------------------------------
2 ROUGE1 Average_R: 0.17720981495450072
2 ROUGE1 Average_P: 0.398768517863262
2 ROUGE1 Average_F: 0.24388931068126404
..............................................
2 ROUGE1 Eval D1001-A.M.100.A  R:0.19930035650623887 P:0.4 F:0.26603732485576354 
2 ROUGE1 Eval D1002-A.M.100.A  R:0.12156645352453502 P:0.25 F:0.16350346877160182 
2 ROUGE1 Eval D1003-A.M.100.A  R:0.23274084710702306 P:0.5921052631578948 F:0.33382114184428857 
2 ROUGE1 Eval D1004-A.M.100.A  R:0.13405761333659677 P:0.34615384615384615 F:0.1932525458670356 
2 ROUGE1 Eval D1005-A.M.100.A  R:0.14930332880074437 P:0.4485294117647059 F:0.2239685860644757 
2 ROUGE1 Eval D1006-A.M.100.A  R:0.15462154159341168 P:0.328125 F:0.21016804854215548 
2 ROUGE1 Eval D1007-A.M.100.B  R:0.12941326530612246 P:0.2965116279069767 F:0.18017384931513203 
2 ROUGE1 Eval D1008-A.M.100.B  R:0.16238464412478984 P:0.34183673469387754 F:0.22014288807101104 
2 ROUGE1 Eval D1009-A.M.100.B  R:0.15814230915992208 P:0.4765625 F:0.23726228333224314 
2 ROUGE1 Eval D1010-A.M.100.B  R:0.18953773257510081 P:0.3472222222222222 F:0.24511479576614578 
2 ROUGE1 Eval D1011-A.M.100.C  R:0.12252375528165585 P:0.3223684210526316 F:0.17751080600050853 
2 ROUGE1 Eval D1012-A.M.100.C  R:0.17735242020849065 P:0.4930555555555556 F:0.2608405201304795 
2 ROUGE1 Eval D1013-A.M.100.C  R:0.13919680267569873 P:0.2857142857142857 F:0.18716704126152328 
2 ROUGE1 Eval D1014-A.M.100.C  R:0.18120875352841406 P:0.39999999999999997 F:0.2494156184313246 
2 ROUGE1 Eval D1015-A.M.100.C  R:0.19794670643534942 P:0.38235294117647056 F:0.26072984139531136 
2 ROUGE1 Eval D1016-A.M.100.C  R:0.2277967946628181 P:0.44811320754716977 F:0.3019984399592222 
2 ROUGE1 Eval D1017-A.M.100.D  R:0.17653796629662968 P:0.3431372549019608 F:0.23311045470819905 
2 ROUGE1 Eval D1018-A.M.100.D  R:0.23433153681570712 P:0.3380281690140845 F:0.27671341743420697 
2 ROUGE1 Eval D1019-A.M.100.D  R:0.18373973122453363 P:0.375 F:0.2466072461283453 
2 ROUGE1 Eval D1020-A.M.100.D  R:0.15224160759875044 P:0.42361111111111116 F:0.22395956724314933 
2 ROUGE1 Eval D1021-A.M.100.D  R:0.18481385509268447 P:0.3958333333333333 F:0.2519670235926703 
2 ROUGE1 Eval D1022-A.M.100.D  R:0.16687278442597592 P:0.41875 F:0.23854362727008305 
2 ROUGE1 Eval D1023-A.M.100.E  R:0.16838383838383839 P:0.29910714285714285 F:0.21546732837055418 
2 ROUGE1 Eval D1024-A.M.100.E  R:0.1671149007424107 P:0.3670212765957447 F:0.22959283106211958 
2 ROUGE1 Eval D1025-A.M.100.E  R:0.22189542153495062 P:0.3973214285714286 F:0.2847461636968208 
2 ROUGE1 Eval D1026-A.M.100.E  R:0.1311346000846728 P:0.30952380952380953 F:0.18417554719086016 
2 ROUGE1 Eval D1027-A.M.100.E  R:0.23005384005730747 P:0.6911764705882354 F:0.34516699845167004 
2 ROUGE1 Eval D1028-A.M.100.E  R:0.17282981153626498 P:0.4671052631578948 F:0.2523049645390071 
2 ROUGE1 Eval D1029-A.M.100.F  R:0.13223673259475036 P:0.33974358974358976 F:0.19034991669354767 
2 ROUGE1 Eval D1030-A.M.100.F  R:0.15686981319491172 P:0.34782608695652173 F:0.21619225530708897 
2 ROUGE1 Eval D1031-A.M.100.F  R:0.148548046796038 P:0.3010204081632653 F:0.19889369249875655 
2 ROUGE1 Eval D1032-A.M.100.F  R:0.2144557505601195 P:0.5426829268292683 F:0.3074233716475096 
2 ROUGE1 Eval D1033-A.M.100.F  R:0.1709727031328973 P:0.41666666666666663 F:0.24243493234437868 
2 ROUGE1 Eval D1034-A.M.100.F  R:0.14757238163623748 P:0.3653846153846154 F:0.21013021659790543 
2 ROUGE1 Eval D1035-A.M.100.G  R:0.16538427596653746 P:0.43124999999999997 F:0.23903359503663457 
2 ROUGE1 Eval D1036-A.M.100.G  R:0.18433786870551885 P:0.3093220338983051 F:0.23094907535067621 
2 ROUGE1 Eval D1037-A.M.100.G  R:0.19285660941000748 P:0.41145833333333337 F:0.26260680338756326 
2 ROUGE1 Eval D1038-A.M.100.G  R:0.19783619806984293 P:0.50625 F:0.28443979510269335 
2 ROUGE1 Eval D1039-A.M.100.G  R:0.21043968390009085 P:0.3728070175438596 F:0.2690027343980729 
2 ROUGE1 Eval D1040-A.M.100.G  R:0.20732284993205202 P:0.38181818181818183 F:0.26872514000621667 
2 ROUGE1 Eval D1041-A.M.100.H  R:0.17922475844869556 P:0.4147727272727273 F:0.25028452815120267 
2 ROUGE1 Eval D1042-A.M.100.H  R:0.2131114651462852 P:0.4772727272727273 F:0.2945964609145131 
2 ROUGE1 Eval D1043-A.M.100.H  R:0.21884995466993873 P:0.49444444444444446 F:0.30340268280581395 
2 ROUGE1 Eval D1044-A.M.100.H  R:0.17683868386838683 P:0.40340909090909094 F:0.2458859148514321 
2 ROUGE1 Eval D1045-A.M.100.H  R:0.17725729597517148 P:0.3673469387755102 F:0.2391159458517423 
2 ROUGE1 Eval D1046-A.M.100.H  R:0.19049319727891156 P:0.475609756097561 F:0.2719788610964915 
----------------------------------------------
2 ROUGE2 Average_R: 0.03493607104968665
2 ROUGE2 Average_P: 0.08154398350394235
2 ROUGE2 Average_F: 0.04857762156463388
..............................................
2 ROUGE2 Eval D1001-A.M.100.A  R:0.04023131905027237 P:0.0816326530612245 F:0.05389777532634676 
2 ROUGE2 Eval D1002-A.M.100.A  R:0.010105134224762682 P:0.021739130434782608 F:0.013795728081442367 
2 ROUGE2 Eval D1003-A.M.100.A  R:0.10883492419009344 P:0.27702702702702703 F:0.15610997419689135 
2 ROUGE2 Eval D1004-A.M.100.A  R:0.03782042091413508 P:0.09868421052631579 F:0.05467833588534109 
2 ROUGE2 Eval D1005-A.M.100.A  R:0.03499274538760892 P:0.10606060606060608 F:0.052604556614422204 
2 ROUGE2 Eval D1006-A.M.100.A  R:0.010025252525252526 P:0.02127659574468085 F:0.013628739166899637 
2 ROUGE2 Eval D1007-A.M.100.B  R:0.010153077163386443 P:0.023809523809523808 F:0.014235420174498699 
2 ROUGE2 Eval D1008-A.M.100.B  R:0.03424242424242424 P:0.07291666666666666 F:0.04659341213963063 
2 ROUGE2 Eval D1009-A.M.100.B  R:0.03206113634619276 P:0.0967741935483871 F:0.048115328268000024 
2 ROUGE2 Eval D1010-A.M.100.B  R:0.040522660569244424 P:0.07547169811320756 F:0.05271186790495669 
2 ROUGE2 Eval D1011-A.M.100.C  R:0.022741628266170082 P:0.060810810810810814 F:0.03309195318858086 
2 ROUGE2 Eval D1012-A.M.100.C  R:0.04812014533536187 P:0.1357142857142857 F:0.07103776551809253 
2 ROUGE2 Eval D1013-A.M.100.C  R:0.015082559339525283 P:0.03125 F:0.020343350343350344 
2 ROUGE2 Eval D1014-A.M.100.C  R:0.02051493793393646 P:0.045454545454545456 F:0.02826994472746645 
2 ROUGE2 Eval D1015-A.M.100.C  R:0.017963565446202954 P:0.035 F:0.023733152371963176 
2 ROUGE2 Eval D1016-A.M.100.C  R:0.06495189405455899 P:0.12980769230769232 F:0.08656683150092064 
2 ROUGE2 Eval D1017-A.M.100.D  R:0.002551020408163265 P:0.005 F:0.0033783783783783777 
2 ROUGE2 Eval D1018-A.M.100.D  R:0.058752674576930564 P:0.08571428571428572 F:0.06969663613948575 
2 ROUGE2 Eval D1019-A.M.100.D  R:0.0490732491361975 P:0.10106382978723404 F:0.06605938509870962 
2 ROUGE2 Eval D1020-A.M.100.D  R:0.02006295461834018 P:0.05714285714285714 F:0.029695037990232497 
2 ROUGE2 Eval D1021-A.M.100.D  R:0.036891225903770364 P:0.07978723404255318 F:0.050452264671753795 
2 ROUGE2 Eval D1022-A.M.100.D  R:0.020163784454252442 P:0.05128205128205128 F:0.02893491142694392 
2 ROUGE2 Eval D1023-A.M.100.E  R:0.015203050917336631 P:0.027272727272727275 F:0.01952296069943129 
2 ROUGE2 Eval D1024-A.M.100.E  R:0.051658941481724056 P:0.11413043478260869 F:0.07110479075071509 
2 ROUGE2 Eval D1025-A.M.100.E  R:0.03518239195053526 P:0.06363636363636363 F:0.04531091432619447 
2 ROUGE2 Eval D1026-A.M.100.E  R:0.0 P:0.0 F:0.0 
2 ROUGE2 Eval D1027-A.M.100.E  R:0.09637570872608878 P:0.29545454545454547 F:0.14532428355957766 
2 ROUGE2 Eval D1028-A.M.100.E  R:0.04673849737914968 P:0.1283783783783784 F:0.068527786466479 
2 ROUGE2 Eval D1029-A.M.100.F  R:0.019989886731391585 P:0.05263157894736842 F:0.02897054965689591 
2 ROUGE2 Eval D1030-A.M.100.F  R:0.01473983844132419 P:0.03333333333333333 F:0.020437877260809766 
2 ROUGE2 Eval D1031-A.M.100.F  R:0.012790407330206706 P:0.026041666666666664 F:0.017152357336921095 
2 ROUGE2 Eval D1032-A.M.100.F  R:0.06572434799162383 P:0.16875 F:0.09460258051807346 
2 ROUGE2 Eval D1033-A.M.100.F  R:0.027218168820926425 P:0.06707317073170732 F:0.03871832603846992 
2 ROUGE2 Eval D1034-A.M.100.F  R:0.015546568674330088 P:0.039473684210526314 F:0.02229850877549087 
2 ROUGE2 Eval D1035-A.M.100.G  R:0.011889878328337152 P:0.03205128205128205 F:0.017342989094789353 
2 ROUGE2 Eval D1036-A.M.100.G  R:0.020777940697295535 P:0.034482758620689655 F:0.02592341737445491 
2 ROUGE2 Eval D1037-A.M.100.G  R:0.03684186237013193 P:0.0797872340425532 F:0.050406362048358924 
2 ROUGE2 Eval D1038-A.M.100.G  R:0.06653415111596883 P:0.17307692307692307 F:0.09609884067938274 
2 ROUGE2 Eval D1039-A.M.100.G  R:0.06512287174745371 P:0.11607142857142858 F:0.08342749287006132 
2 ROUGE2 Eval D1040-A.M.100.G  R:0.03737773777377738 P:0.06944444444444445 F:0.048597386168543664 
2 ROUGE2 Eval D1041-A.M.100.H  R:0.042012660003864465 P:0.09883720930232558 F:0.05896026524764707 
2 ROUGE2 Eval D1042-A.M.100.H  R:0.03840455901597314 P:0.0872093023255814 F:0.05331565575231598 
2 ROUGE2 Eval D1043-A.M.100.H  R:0.04218064453504174 P:0.09659090909090909 F:0.05871811525743977 
2 ROUGE2 Eval D1044-A.M.100.H  R:0.03767779839208411 P:0.0872093023255814 F:0.05262061382828539 
2 ROUGE2 Eval D1045-A.M.100.H  R:0.034807982598980186 P:0.07291666666666667 F:0.04711961018663234 
2 ROUGE2 Eval D1046-A.M.100.H  R:0.036404639175257734 P:0.09375 F:0.052438158961881594 
