----------------------------------------------
1 ROUGE1 Average_R: 0.2022023121214276
1 ROUGE1 Average_P: 0.3962919433958487
1 ROUGE1 Average_F: 0.2662328823739959
..............................................
1 ROUGE1 Eval D1001-A.M.100.A  R:0.18699940582293523 P:0.375 F:0.2495478629459555 
1 ROUGE1 Eval D1002-A.M.100.A  R:0.26824518177478335 P:0.515 F:0.3525366384977192 
1 ROUGE1 Eval D1003-A.M.100.A  R:0.2765142690739662 P:0.5815217391304348 F:0.3744300522290016 
1 ROUGE1 Eval D1004-A.M.100.A  R:0.24790428792876373 P:0.5208333333333333 F:0.33589374551000245 
1 ROUGE1 Eval D1005-A.M.100.A  R:0.24177059087288594 P:0.33445945945945943 F:0.28055580843475647 
1 ROUGE1 Eval D1006-A.M.100.A  R:0.26503076709540113 P:0.44999999999999996 F:0.33354583534793764 
1 ROUGE1 Eval D1007-A.M.100.B  R:0.25362670068027215 P:0.45454545454545453 F:0.3255614059338754 
1 ROUGE1 Eval D1008-A.M.100.B  R:0.12844946758826825 P:0.3486842105263158 F:0.18771287317971708 
1 ROUGE1 Eval D1009-A.M.100.B  R:0.16115121603438237 P:0.40384615384615385 F:0.23019025509076024 
1 ROUGE1 Eval D1010-A.M.100.B  R:0.16410938328855929 P:0.2708333333333333 F:0.204281981268904 
1 ROUGE1 Eval D1011-A.M.100.C  R:0.164242946433787 P:0.375 F:0.22835808065876068 
1 ROUGE1 Eval D1012-A.M.100.C  R:0.2539223878436523 P:0.3493150684931507 F:0.2940361451134365 
1 ROUGE1 Eval D1013-A.M.100.C  R:0.11537777269660146 P:0.2875 F:0.16464079198196668 
1 ROUGE1 Eval D1014-A.M.100.C  R:0.11811874554802419 P:0.27976190476190477 F:0.16610111993690058 
1 ROUGE1 Eval D1015-A.M.100.C  R:0.19167519693145785 P:0.3826530612244898 F:0.25527293146689023 
1 ROUGE1 Eval D1016-A.M.100.C  R:0.2182021198790245 P:0.4945652173913044 F:0.30275721112187276 
1 ROUGE1 Eval D1017-A.M.100.D  R:0.21186493649364935 P:0.38888888888888895 F:0.2742652329749104 
1 ROUGE1 Eval D1018-A.M.100.D  R:0.1884122252583832 P:0.3701923076923077 F:0.2496621038352448 
1 ROUGE1 Eval D1019-A.M.100.D  R:0.23773863252586658 P:0.4471153846153846 F:0.31038254940626536 
1 ROUGE1 Eval D1020-A.M.100.D  R:0.12297969887255603 P:0.29166666666666663 F:0.17299517008785442 
1 ROUGE1 Eval D1021-A.M.100.D  R:0.2378265396028937 P:0.5326086956521738 F:0.32880644937409365 
1 ROUGE1 Eval D1022-A.M.100.D  R:0.21006063971489503 P:0.44680851063829785 F:0.2856404337911395 
1 ROUGE1 Eval D1023-A.M.100.E  R:0.11563131313131314 P:0.19166666666666665 F:0.14424135220125786 
1 ROUGE1 Eval D1024-A.M.100.E  R:0.11191837641708097 P:0.22999999999999998 F:0.15052536112608614 
1 ROUGE1 Eval D1025-A.M.100.E  R:0.2268013839199046 P:0.4375 F:0.2987221507422746 
1 ROUGE1 Eval D1026-A.M.100.E  R:0.1155210546875799 P:0.20535714285714285 F:0.14782739993652144 
1 ROUGE1 Eval D1027-A.M.100.E  R:0.36853766898843177 P:0.6188524590163934 F:0.4619036662064734 
1 ROUGE1 Eval D1028-A.M.100.E  R:0.23358081096516276 P:0.4444444444444444 F:0.3062224399804018 
1 ROUGE1 Eval D1029-A.M.100.F  R:0.24914229041857397 P:0.4032258064516129 F:0.3079398704170043 
1 ROUGE1 Eval D1030-A.M.100.F  R:0.11055940495971531 P:0.3125 F:0.16331229833396557 
1 ROUGE1 Eval D1031-A.M.100.F  R:0.14364608601172427 P:0.32386363636363635 F:0.1989857878447211 
1 ROUGE1 Eval D1032-A.M.100.F  R:0.2747152725914862 P:0.4672131147540983 F:0.34599039172209906 
1 ROUGE1 Eval D1033-A.M.100.F  R:0.22654593922797805 P:0.4946808510638297 F:0.31074480631407053 
1 ROUGE1 Eval D1034-A.M.100.F  R:0.14757085087091604 P:0.34756097560975613 F:0.20707198364509136 
1 ROUGE1 Eval D1035-A.M.100.G  R:0.15346770268927207 P:0.3137254901960784 F:0.20606571509978672 
1 ROUGE1 Eval D1036-A.M.100.G  R:0.1515194116407886 P:0.38461538461538464 F:0.21734899394514146 
1 ROUGE1 Eval D1037-A.M.100.G  R:0.19749533233756533 P:0.375 F:0.2587172562984867 
1 ROUGE1 Eval D1038-A.M.100.G  R:0.17812465960830445 P:0.36500000000000005 F:0.23935887136844686 
1 ROUGE1 Eval D1039-A.M.100.G  R:0.3241704833428133 P:0.5198412698412698 F:0.39929224133730384 
1 ROUGE1 Eval D1040-A.M.100.G  R:0.172594156474471 P:0.2734375 F:0.21161297072992638 
1 ROUGE1 Eval D1041-A.M.100.H  R:0.12010339665188238 P:0.2784090909090909 F:0.16780481473443212 
1 ROUGE1 Eval D1042-A.M.100.H  R:0.2562003688454524 P:0.4279661016949153 F:0.3204625404765156 
1 ROUGE1 Eval D1043-A.M.100.H  R:0.22860628438629127 P:0.4227272727272727 F:0.2967349710677938 
1 ROUGE1 Eval D1044-A.M.100.H  R:0.2541941694169417 P:0.4903846153846154 F:0.33482308631597174 
1 ROUGE1 Eval D1045-A.M.100.H  R:0.2858756035512175 P:0.5471698113207547 F:0.3755245744634539 
1 ROUGE1 Eval D1046-A.M.100.H  R:0.19056122448979593 P:0.4534883720930233 F:0.268304366708622 
----------------------------------------------
1 ROUGE2 Average_R: 0.047654684654238694
1 ROUGE2 Average_P: 0.09400785686037076
1 ROUGE2 Average_F: 0.06293256486555383
..............................................
1 ROUGE2 Eval D1001-A.M.100.A  R:0.05043540068292543 P:0.10204081632653061 F:0.0675032175032175 
1 ROUGE2 Eval D1002-A.M.100.A  R:0.07179902107478789 P:0.1377551020408163 F:0.09433291153643256 
1 ROUGE2 Eval D1003-A.M.100.A  R:0.11388492919059348 P:0.23888888888888887 F:0.15406868265821777 
1 ROUGE2 Eval D1004-A.M.100.A  R:0.06999745608278232 P:0.14893617021276595 F:0.09522905214214858 
1 ROUGE2 Eval D1005-A.M.100.A  R:0.02415342041966607 P:0.03424657534246575 F:0.028321350819702256 
1 ROUGE2 Eval D1006-A.M.100.A  R:0.05739374880884315 P:0.09745762711864409 F:0.07223766202748767 
1 ROUGE2 Eval D1007-A.M.100.B  R:0.08144165474604975 P:0.14814814814814814 F:0.1050992244535487 
1 ROUGE2 Eval D1008-A.M.100.B  R:0.01943001443001443 P:0.05405405405405406 F:0.028581374464044896 
1 ROUGE2 Eval D1009-A.M.100.B  R:0.04663040722676919 P:0.11842105263157894 F:0.06685557257452604 
1 ROUGE2 Eval D1010-A.M.100.B  R:0.033016773599071736 P:0.05508474576271186 F:0.04126898530175694 
1 ROUGE2 Eval D1011-A.M.100.C  R:0.0403084077404701 P:0.09302325581395349 F:0.05622819797282632 
1 ROUGE2 Eval D1012-A.M.100.C  R:0.04040768535136827 P:0.05555555555555556 F:0.04677783212148723 
1 ROUGE2 Eval D1013-A.M.100.C  R:0.028478859495856705 P:0.07051282051282051 F:0.0405653964330237 
1 ROUGE2 Eval D1014-A.M.100.C  R:0.002551020408163265 P:0.006097560975609756 F:0.0035971223021582736 
1 ROUGE2 Eval D1015-A.M.100.C  R:0.03402170680264541 P:0.06770833333333333 F:0.04525346032420158 
1 ROUGE2 Eval D1016-A.M.100.C  R:0.06964983013655171 P:0.16111111111111112 F:0.0972393903985282 
1 ROUGE2 Eval D1017-A.M.100.D  R:0.043603651987110637 P:0.08018867924528303 F:0.05648207615484592 
1 ROUGE2 Eval D1018-A.M.100.D  R:0.046896031900408475 P:0.09313725490196079 F:0.062363693469485004 
1 ROUGE2 Eval D1019-A.M.100.D  R:0.05959136987926954 P:0.11274509803921569 F:0.07795735332648084 
1 ROUGE2 Eval D1020-A.M.100.D  R:0.017812204453395812 P:0.04268292682926829 F:0.02513315434608835 
1 ROUGE2 Eval D1021-A.M.100.D  R:0.09510817885373303 P:0.21666666666666667 F:0.13218359601957705 
1 ROUGE2 Eval D1022-A.M.100.D  R:0.05350456330837522 P:0.11413043478260869 F:0.07281313875074437 
1 ROUGE2 Eval D1023-A.M.100.E  R:0.010101010101010102 P:0.01694915254237288 F:0.012658227848101267 
1 ROUGE2 Eval D1024-A.M.100.E  R:0.0 P:0.0 F:0.0 
1 ROUGE2 Eval D1025-A.M.100.E  R:0.042861783601040516 P:0.08333333333333334 F:0.056605183084792704 
1 ROUGE2 Eval D1026-A.M.100.E  R:0.012852577003430895 P:0.022727272727272728 F:0.016414029830919087 
1 ROUGE2 Eval D1027-A.M.100.E  R:0.12560446558765634 P:0.21250000000000002 F:0.1578637792703936 
1 ROUGE2 Eval D1028-A.M.100.E  R:0.05644535041739469 P:0.10849056603773585 F:0.0742563887725178 
1 ROUGE2 Eval D1029-A.M.100.F  R:0.03790339683240169 P:0.06147540983606557 F:0.046886678528730935 
1 ROUGE2 Eval D1030-A.M.100.F  R:0.0025 P:0.007142857142857143 F:0.0037037037037037043 
1 ROUGE2 Eval D1031-A.M.100.F  R:0.023058884835852007 P:0.05232558139534884 F:0.0320048309178744 
1 ROUGE2 Eval D1032-A.M.100.F  R:0.0973491338282886 P:0.16666666666666669 F:0.12290767249867454 
1 ROUGE2 Eval D1033-A.M.100.F  R:0.07112650885596958 P:0.15760869565217392 F:0.09801139226474798 
1 ROUGE2 Eval D1034-A.M.100.F  R:0.023148609490656617 P:0.056249999999999994 F:0.03278937100466972 
1 ROUGE2 Eval D1035-A.M.100.G  R:0.019389878328337152 P:0.04 F:0.0261130164951821 
1 ROUGE2 Eval D1036-A.M.100.G  R:0.04381870445109027 P:0.11184210526315791 F:0.06295058289106067 
1 ROUGE2 Eval D1037-A.M.100.G  R:0.03704088284328147 P:0.07075471698113209 F:0.04862271995124287 
1 ROUGE2 Eval D1038-A.M.100.G  R:0.04419054087687799 P:0.09183673469387754 F:0.0596546713027431 
1 ROUGE2 Eval D1039-A.M.100.G  R:0.10715548677366221 P:0.17338709677419356 F:0.13244456654223008 
1 ROUGE2 Eval D1040-A.M.100.G  R:0.039802980298029804 P:0.06349206349206349 F:0.048930583034528366 
1 ROUGE2 Eval D1041-A.M.100.H  R:0.009927684516024418 P:0.023255813953488372 F:0.013914510013535674 
1 ROUGE2 Eval D1042-A.M.100.H  R:0.06183868590208621 P:0.10344827586206896 F:0.07739554764703321 
1 ROUGE2 Eval D1043-A.M.100.H  R:0.059532615026208505 P:0.1111111111111111 F:0.07752570010634527 
1 ROUGE2 Eval D1044-A.M.100.H  R:0.050228303442589155 P:0.09803921568627451 F:0.06642443367853386 
1 ROUGE2 Eval D1045-A.M.100.H  R:0.07971703532898308 P:0.15384615384615385 F:0.10501315677786266 
1 ROUGE2 Eval D1046-A.M.100.H  R:0.036404639175257734 P:0.08928571428571429 F:0.05171479254952202 
